+0.0ns POS: x=4.78, y=252.44, z=0; VEL:0, y=0, z=0
+1000000000.0ns POS: x=4.78, y=252.44, z=0; VEL:1.47785, y=1.47785, z=0
+2000000000.0ns POS: x=6.25785, y=253.918, z=0; VEL:3.30219, y=3.30219, z=0
+2999987329.0ns POS: x=9.56, y=257.22, z=0; VEL:0, y=0, z=0
+3000000000.0ns POS: x=9.56, y=257.22, z=0; VEL:6.39932, y=6.39932, z=0
+3000000000.0ns POS: x=4.78, y=252.44, z=0; VEL:0, y=0, z=0
+4000000000.0ns POS: x=15.9593, y=263.619, z=0; VEL:8.64084, y=8.64084, z=0
+4000000000.0ns POS: x=4.78, y=252.44, z=0; VEL:2.05768, y=2.05768, z=0
+4996267286.0ns POS: x=6.83, y=254.49, z=0; VEL:0, y=0, z=0
+4999981340.0ns POS: x=24.6, y=272.26, z=0; VEL:0, y=0, z=0
+5000000000.0ns POS: x=24.6, y=272.26, z=0; VEL:9.73893, y=9.74893, z=0
+5000000000.0ns POS: x=6.83, y=254.49, z=0; VEL:3.81838, y=3.81838, z=0
+5000000000.0ns POS: x=4.78, y=252.44, z=0; VEL:0, y=0, z=0
+6000000000.0ns POS: x=34.3389, y=282.009, z=0; VEL:9.36002, y=9.35002, z=0
+6000000000.0ns POS: x=10.6484, y=258.308, z=0; VEL:5.96091, y=5.96091, z=0
+6000000000.0ns POS: x=4.78, y=252.44, z=0; VEL:0.318198, y=0.318198, z=0
+6974236009.0ns POS: x=5.09, y=252.75, z=0; VEL:0, y=0, z=0
+7000000000.0ns POS: x=43.699, y=291.359, z=0; VEL:9.81464, y=9.81464, z=0
+7000000000.0ns POS: x=16.6093, y=264.269, z=0; VEL:7.85596, y=7.85596, z=0
+7000000000.0ns POS: x=5.09, y=252.75, z=0; VEL:2.60922, y=2.60922, z=0
+8000000000.0ns POS: x=53.5136, y=301.174, z=0; VEL:8.96112, y=8.97111, z=0
+8000000000.0ns POS: x=24.4652, y=272.125, z=0; VEL:8.74191, y=8.75191, z=0
+8000000000.0ns POS: x=7.69922, y=255.359, z=0; VEL:5.28209, y=5.28209, z=0
+8000000000.0ns POS: x=4.78, y=252.44, z=0; VEL:0, y=0, z=0
+8999751674.0ns POS: x=12.98, y=260.64, z=0; VEL:0, y=0, z=0
+9000000000.0ns POS: x=62.4747, y=310.145, z=0; VEL:9.72064, y=9.71065, z=0
+9000000000.0ns POS: x=33.2072, y=280.877, z=0; VEL:8.16501, y=8.15501, z=0
+9000000000.0ns POS: x=12.98, y=260.64, z=0; VEL:7.84389, y=7.85388, z=0
+9000000000.0ns POS: x=4.78, y=252.44, z=0; VEL:1.87383, y=1.87383, z=0
+9997954476.0ns POS: x=6.65, y=254.31, z=0; VEL:0, y=0, z=0
+9999734889.0ns POS: x=41.37, y=289.03, z=0; VEL:0, y=0, z=0
+10000000000.0ns POS: x=72.1953, y=319.855, z=0; VEL:9.74393, y=9.74393, z=0
+10000000000.0ns POS: x=41.37, y=289.03, z=0; VEL:8.84591, y=8.84591, z=0
+10000000000.0ns POS: x=20.8239, y=268.494, z=0; VEL:9.24688, y=9.23689, z=0
+10000000000.0ns POS: x=6.65, y=254.31, z=0; VEL:3.84666, y=3.84666, z=0
+10000000000.0ns POS: x=4.78, y=252.44, z=0; VEL:0, y=0, z=0
+11000000000.0ns POS: x=81.9393, y=329.599, z=0; VEL:8.02773, y=8.03773, z=0
+11000000000.0ns POS: x=50.2159, y=297.876, z=0; VEL:8.25194, y=8.25194, z=0
+11000000000.0ns POS: x=30.0708, y=277.731, z=0; VEL:8.13173, y=8.13172, z=0
+11000000000.0ns POS: x=10.4967, y=258.157, z=0; VEL:6.27204, y=6.27204, z=0
+11000000000.0ns POS: x=4.78, y=252.44, z=0; VEL:0.282843, y=0.282843, z=0
+11989949493.0ns POS: x=5.06, y=252.72, z=0; VEL:0, y=0, z=0
+12000000000.0ns POS: x=89.967, y=337.637, z=0; VEL:9.38123, y=9.37124, z=0
+12000000000.0ns POS: x=58.4678, y=306.128, z=0; VEL:9.76015, y=9.77014, z=0
+12000000000.0ns POS: x=38.2025, y=285.862, z=0; VEL:9.25103, y=9.26102, z=0
+12000000000.0ns POS: x=16.7687, y=264.429, z=0; VEL:7.99738, y=7.99738, z=0
+12000000000.0ns POS: x=5.06, y=252.72, z=0; VEL:3.16077, y=3.16077, z=0
+12999757238.0ns POS: x=8.22, y=255.88, z=0; VEL:0, y=0, z=0
+13000000000.0ns POS: x=99.3482, y=347.008, z=0; VEL:7.99945, y=8.00944, z=0
+13000000000.0ns POS: x=68.228, y=315.898, z=0; VEL:9.77221, y=9.77222, z=0
+13000000000.0ns POS: x=47.4535, y=295.124, z=0; VEL:8.52063, y=8.52064, z=0
+13000000000.0ns POS: x=24.7661, y=272.426, z=0; VEL:9.19946, y=9.19946, z=0
+13000000000.0ns POS: x=8.22, y=255.88, z=0; VEL:6.09526, y=6.09526, z=0
+13000000000.0ns POS: x=4.78, y=252.44, z=0; VEL:0, y=0, z=0
+14000000000.0ns POS: x=107.348, y=355.018, z=0; VEL:9.58837, y=9.58837, z=0
+14000000000.0ns POS: x=78.0002, y=325.67, z=0; VEL:9.04889, y=9.0389, z=0
+14000000000.0ns POS: x=55.9742, y=303.644, z=0; VEL:7.9953, y=7.98531, z=0
+14000000000.0ns POS: x=33.9655, y=281.626, z=0; VEL:9.32174, y=9.33174, z=0
+14000000000.0ns POS: x=14.3153, y=261.975, z=0; VEL:8.84798, y=8.85797, z=0
+14000000000.0ns POS: x=4.78, y=252.44, z=0; VEL:2.86378, y=2.86378, z=0
+14998679207.0ns POS: x=7.64, y=255.3, z=0; VEL:0, y=0, z=0
+15000000000.0ns POS: x=116.936, y=364.606, z=0; VEL:8.73984, y=8.73984, z=0
+15000000000.0ns POS: x=87.0491, y=334.709, z=0; VEL:9.36917, y=9.36916, z=0
+15000000000.0ns POS: x=63.9695, y=311.629, z=0; VEL:8.28022, y=8.28022, z=0
+15000000000.0ns POS: x=43.2873, y=290.957, z=0; VEL:9.65908, y=9.65908, z=0
+15000000000.0ns POS: x=23.1632, y=270.833, z=0; VEL:8.56098, y=8.551, z=0
+15000000000.0ns POS: x=7.64, y=255.3, z=0; VEL:4.66897, y=4.67897, z=0
+15000000000.0ns POS: x=4.78, y=252.44, z=0; VEL:0, y=0, z=0
+16000000000.0ns POS: x=125.676, y=373.346, z=0; VEL:8.69034, y=8.69034, z=0
+16000000000.0ns POS: x=96.4183, y=344.078, z=0; VEL:8.5015, y=8.51149, z=0
+16000000000.0ns POS: x=72.2497, y=319.91, z=0; VEL:8.04187, y=8.05187, z=0
+16000000000.0ns POS: x=52.9464, y=300.616, z=0; VEL:8.00238, y=7.99238, z=0
+16000000000.0ns POS: x=31.7242, y=279.384, z=0; VEL:9.24189, y=9.24188, z=0
+16000000000.0ns POS: x=12.309, y=259.979, z=0; VEL:6.9205, y=6.9105, z=0
+16000000000.0ns POS: x=4.78, y=252.44, z=0; VEL:1.85262, y=1.85262, z=0
+16998585912.0ns POS: x=6.63, y=254.29, z=0; VEL:0, y=0, z=0
+16999806364.0ns POS: x=80.29, y=327.96, z=0; VEL:0, y=0, z=0
+17000000000.0ns POS: x=134.366, y=382.036, z=0; VEL:9.51559, y=9.50558, z=0
+17000000000.0ns POS: x=104.92, y=352.59, z=0; VEL:8.00943, y=7.99946, z=0
+17000000000.0ns POS: x=80.29, y=327.96, z=0; VEL:9.47523, y=9.47523, z=0
+17000000000.0ns POS: x=60.9487, y=308.609, z=0; VEL:8.60049, y=8.61049, z=0
+17000000000.0ns POS: x=40.9661, y=288.626, z=0; VEL:9.53887, y=9.53887, z=0
+17000000000.0ns POS: x=19.2295, y=266.889, z=0; VEL:9.77222, y=9.77222, z=0
+17000000000.0ns POS: x=6.63, y=254.29, z=0; VEL:4.50427, y=4.50427, z=0
+17000000000.0ns POS: x=4.78, y=252.44, z=0; VEL:0, y=0, z=0
+17999807387.0ns POS: x=143.88, y=391.54, z=0; VEL:0, y=0, z=0
+18000000000.0ns POS: x=143.88, y=391.54, z=0; VEL:8.77727, y=8.78726, z=0
+18000000000.0ns POS: x=112.929, y=360.589, z=0; VEL:8.05395, y=8.05394, z=0
+18000000000.0ns POS: x=89.7652, y=337.435, z=0; VEL:9.70151, y=9.70151, z=0
+18000000000.0ns POS: x=69.5492, y=317.219, z=0; VEL:9.49437, y=9.48437, z=0
+18000000000.0ns POS: x=50.505, y=298.165, z=0; VEL:7.93374, y=7.93374, z=0
+18000000000.0ns POS: x=29.0017, y=276.662, z=0; VEL:9.22774, y=9.22774, z=0
+18000000000.0ns POS: x=11.1343, y=258.794, z=0; VEL:7.04278, y=7.04278, z=0
+18000000000.0ns POS: x=4.78, y=252.44, z=0; VEL:1.42128, y=1.42128, z=0
+18992060260.0ns POS: x=6.19, y=253.85, z=0; VEL:0, y=0, z=0
+18999622041.0ns POS: x=79.04, y=326.7, z=0; VEL:0, y=0, z=0
+19000000000.0ns POS: x=152.657, y=400.327, z=0; VEL:8.74691, y=8.74691, z=0
+19000000000.0ns POS: x=120.983, y=368.643, z=0; VEL:9.42781, y=9.43779, z=0
+19000000000.0ns POS: x=99.4667, y=347.137, z=0; VEL:9.4873, y=9.4773, z=0
+19000000000.0ns POS: x=79.04, y=326.7, z=0; VEL:9.73686, y=9.73686, z=0
+19000000000.0ns POS: x=58.4387, y=306.099, z=0; VEL:9.67322, y=9.67322, z=0
+19000000000.0ns POS: x=38.2294, y=285.889, z=0; VEL:8.44993, y=8.44993, z=0
+19000000000.0ns POS: x=18.1771, y=265.837, z=0; VEL:9.15703, y=9.15703, z=0
+19000000000.0ns POS: x=6.19, y=253.85, z=0; VEL:4.04465, y=4.04465, z=0
+19000000000.0ns POS: x=4.78, y=252.44, z=0; VEL:0, y=0, z=0
+19999553725.0ns POS: x=27.33, y=274.99, z=0; VEL:0, y=0, z=0
+20000000000.0ns POS: x=161.404, y=409.074, z=0; VEL:9.42573, y=9.42573, z=0
+20000000000.0ns POS: x=130.411, y=378.081, z=0; VEL:8.53477, y=8.53479, z=0
+20000000000.0ns POS: x=108.954, y=356.614, z=0; VEL:9.02269, y=9.02268, z=0
+20000000000.0ns POS: x=88.7769, y=336.437, z=0; VEL:8.64999, y=8.65998, z=0
+20000000000.0ns POS: x=68.1119, y=315.772, z=0; VEL:9.08132, y=9.09132, z=0
+20000000000.0ns POS: x=46.6794, y=294.339, z=0; VEL:8.85298, y=8.85298, z=0
+20000000000.0ns POS: x=27.33, y=274.99, z=0; VEL:8.25194, y=8.25194, z=0
+20000000000.0ns POS: x=10.2347, y=257.895, z=0; VEL:6.1094, y=6.1094, z=0
+20000000000.0ns POS: x=4.78, y=252.44, z=0; VEL:0.120208, y=0.120208, z=0
+20998268396.0ns POS: x=4.9, y=252.56, z=0; VEL:0, y=0, z=0
+21000000000.0ns POS: x=170.83, y=418.5, z=0; VEL:9.12875, y=9.12875, z=0
+21000000000.0ns POS: x=138.946, y=386.616, z=0; VEL:7.96701, y=7.95703, z=0
+21000000000.0ns POS: x=117.977, y=365.637, z=0; VEL:9.78136, y=9.79136, z=0
+21000000000.0ns POS: x=97.4268, y=345.097, z=0; VEL:9.24895, y=9.24896, z=0
+21000000000.0ns POS: x=77.1933, y=324.863, z=0; VEL:9.63079, y=9.6308, z=0
+21000000000.0ns POS: x=55.5323, y=303.192, z=0; VEL:8.16001, y=8.16001, z=0
+21000000000.0ns POS: x=35.5819, y=283.242, z=0; VEL:8.63377, y=8.63377, z=0
+21000000000.0ns POS: x=16.3441, y=264.004, z=0; VEL:7.53069, y=7.53069, z=0
+21000000000.0ns POS: x=4.9, y=252.56, z=0; VEL:2.36174, y=2.36174, z=0
+21999264672.0ns POS: x=7.26, y=254.92, z=0; VEL:0, y=0, z=0
+22000000000.0ns POS: x=179.959, y=427.629, z=0; VEL:9.01561, y=9.01561, z=0
+22000000000.0ns POS: x=146.913, y=394.573, z=0; VEL:8.46616, y=8.47611, z=0
+22000000000.0ns POS: x=127.758, y=375.428, z=0; VEL:8.95904, y=8.95904, z=0
+22000000000.0ns POS: x=106.676, y=354.346, z=0; VEL:8.16501, y=8.15502, z=0
+22000000000.0ns POS: x=86.8241, y=334.494, z=0; VEL:8.73776, y=8.72777, z=0
+22000000000.0ns POS: x=63.6924, y=311.352, z=0; VEL:7.97616, y=7.97616, z=0
+22000000000.0ns POS: x=44.2157, y=291.876, z=0; VEL:9.2581, y=9.26809, z=0
+22000000000.0ns POS: x=23.8747, y=271.535, z=0; VEL:9.0389, y=9.04889, z=0
+22000000000.0ns POS: x=7.26, y=254.92, z=0; VEL:4.88611, y=4.88611, z=0
+22000000000.0ns POS: x=4.78, y=252.44, z=0; VEL:0, y=0, z=0
+23000000000.0ns POS: x=188.974, y=436.644, z=0; VEL:8.49235, y=8.49235, z=0
+23000000000.0ns POS: x=155.379, y=403.049, z=0; VEL:9.63785, y=9.63788, z=0
+23000000000.0ns POS: x=136.717, y=384.387, z=0; VEL:8.93783, y=8.93783, z=0
+23000000000.0ns POS: x=114.841, y=362.501, z=0; VEL:8.55807, y=8.56805, z=0
+23000000000.0ns POS: x=95.5618, y=343.222, z=0; VEL:8.3318, y=8.34178, z=0
+23000000000.0ns POS: x=71.6685, y=319.329, z=0; VEL:9.28638, y=9.29638, z=0
+23000000000.0ns POS: x=53.4738, y=301.144, z=0; VEL:8.30642, y=8.29644, z=0
+23000000000.0ns POS: x=32.9136, y=280.584, z=0; VEL:9.59336, y=9.58338, z=0
+23000000000.0ns POS: x=12.1461, y=259.806, z=0; VEL:6.71044, y=6.71044, z=0
+23000000000.0ns POS: x=4.78, y=252.44, z=0; VEL:2.64458, y=2.64458, z=0
+23998268396.0ns POS: x=7.42, y=255.08, z=0; VEL:0, y=0, z=0
+24000000000.0ns POS: x=197.467, y=445.137, z=0; VEL:8.14587, y=8.14587, z=0
+24000000000.0ns POS: x=165.017, y=412.687, z=0; VEL:9.12168, y=9.12168, z=0
+24000000000.0ns POS: x=4.78, y=252.44, z=0; VEL:0, y=0, z=0
+24000000000.0ns POS: x=145.655, y=393.325, z=0; VEL:8.90955, y=8.90955, z=0
+24000000000.0ns POS: x=123.399, y=371.069, z=0; VEL:9.74892, y=9.73894, z=0
+24000000000.0ns POS: x=103.894, y=351.564, z=0; VEL:9.09131, y=9.08133, z=0
+24000000000.0ns POS: x=80.9549, y=328.625, z=0; VEL:8.54185, y=8.54185, z=0
+24000000000.0ns POS: x=61.7802, y=309.44, z=0; VEL:7.96203, y=7.96202, z=0
+24000000000.0ns POS: x=42.507, y=290.167, z=0; VEL:8.21659, y=8.21657, z=0
+24000000000.0ns POS: x=18.8566, y=266.517, z=0; VEL:9.53887, y=9.53887, z=0
+24000000000.0ns POS: x=7.42, y=255.08, z=0; VEL:4.10122, y=4.10122, z=0
+24999431621.0ns POS: x=28.39, y=276.05, z=0; VEL:0, y=0, z=0
+24999702690.0ns POS: x=11.52, y=259.18, z=0; VEL:0, y=0, z=0
+25000000000.0ns POS: x=205.612, y=453.282, z=0; VEL:9.17117, y=9.17117, z=0
+25000000000.0ns POS: x=174.138, y=421.808, z=0; VEL:8.56805, y=8.55807, z=0
+25000000000.0ns POS: x=4.78, y=252.44, z=0; VEL:0.716188, y=0.726275, z=0
+25000000000.0ns POS: x=154.564, y=402.234, z=0; VEL:9.01354, y=9.00354, z=0
+25000000000.0ns POS: x=133.148, y=380.808, z=0; VEL:8.6995, y=8.70947, z=0
+25000000000.0ns POS: x=112.985, y=360.645, z=0; VEL:9.29846, y=9.29845, z=0
+25000000000.0ns POS: x=89.4967, y=337.167, z=0; VEL:9.11253, y=9.10253, z=0
+25000000000.0ns POS: x=69.7423, y=317.402, z=0; VEL:8.52771, y=8.52771, z=0
+25000000000.0ns POS: x=50.7236, y=298.384, z=0; VEL:8.69741, y=8.69741, z=0
+25000000000.0ns POS: x=28.39, y=276.05, z=0; VEL:8.73277, y=8.73277, z=0
+25000000000.0ns POS: x=11.52, y=259.18, z=0; VEL:7.08521, y=7.08521, z=0
+25991360216.0ns POS: x=5.49, y=253.16, z=0; VEL:0, y=0, z=0
+26000000000.0ns POS: x=214.784, y=462.454, z=0; VEL:8.61048, y=8.60049, z=0
+26000000000.0ns POS: x=182.706, y=430.366, z=0; VEL:8.25902, y=8.259, z=0
+26000000000.0ns POS: x=5.49, y=253.16, z=0; VEL:3.24354, y=3.23356, z=0
+26000000000.0ns POS: x=163.578, y=411.238, z=0; VEL:8.02066, y=8.03066, z=0
+26000000000.0ns POS: x=141.847, y=389.517, z=0; VEL:8.78226, y=8.78227, z=0
+26000000000.0ns POS: x=122.283, y=369.943, z=0; VEL:9.8005, y=9.8005, z=0
+26000000000.0ns POS: x=98.6093, y=346.269, z=0; VEL:7.94995, y=7.95995, z=0
+26000000000.0ns POS: x=78.27, y=325.93, z=0; VEL:8.12673, y=8.13672, z=0
+26000000000.0ns POS: x=59.421, y=307.081, z=0; VEL:8.90455, y=8.91454, z=0
+26000000000.0ns POS: x=37.1228, y=284.783, z=0; VEL:8.10344, y=8.10344, z=0
+26000000000.0ns POS: x=18.6052, y=266.265, z=0; VEL:9.51059, y=9.51059, z=0
+27000000000.0ns POS: x=223.394, y=471.054, z=0; VEL:8.30351, y=8.3135, z=0
+27000000000.0ns POS: x=190.965, y=438.625, z=0; VEL:8.92577, y=8.93575, z=0
+27000000000.0ns POS: x=8.73354, y=256.394, z=0; VEL:6.20134, y=6.20132, z=0
+27000000000.0ns POS: x=4.78, y=252.44, z=0; VEL:0, y=0, z=0
+27000000000.0ns POS: x=171.599, y=419.269, z=0; VEL:9.19031, y=9.18032, z=0
+27000000000.0ns POS: x=150.63, y=398.3, z=0; VEL:9.82878, y=9.82878, z=0
+27000000000.0ns POS: x=132.084, y=379.744, z=0; VEL:8.57013, y=8.57013, z=0
+27000000000.0ns POS: x=106.559, y=354.229, z=0; VEL:8.08016, y=8.07016, z=0
+27000000000.0ns POS: x=86.3967, y=334.067, z=0; VEL:9.81256, y=9.80258, z=0
+27000000000.0ns POS: x=68.3255, y=315.996, z=0; VEL:8.75897, y=8.74899, z=0
+27000000000.0ns POS: x=45.2262, y=292.886, z=0; VEL:8.09137, y=8.10137, z=0
+27000000000.0ns POS: x=28.1158, y=275.776, z=0; VEL:8.56306, y=8.56306, z=0
+28000000000.0ns POS: x=231.698, y=479.368, z=0; VEL:8.20244, y=8.20244, z=0
+28000000000.0ns POS: x=199.891, y=447.561, z=0; VEL:8.26607, y=8.26609, z=0
+28000000000.0ns POS: x=14.9349, y=262.595, z=0; VEL:8.98733, y=8.98733, z=0
+28000000000.0ns POS: x=4.78, y=252.44, z=0; VEL:2.89207, y=2.89207, z=0
+28000000000.0ns POS: x=180.789, y=428.449, z=0; VEL:9.07425, y=9.08425, z=0
+28000000000.0ns POS: x=160.458, y=408.128, z=0; VEL:7.93166, y=7.92167, z=0
+28000000000.0ns POS: x=140.654, y=388.314, z=0; VEL:8.8954, y=8.8954, z=0
+28000000000.0ns POS: x=114.639, y=362.299, z=0; VEL:8.0398, y=8.0398, z=0
+28000000000.0ns POS: x=96.2093, y=343.869, z=0; VEL:8.28023, y=8.28021, z=0
+28000000000.0ns POS: x=77.0845, y=324.745, z=0; VEL:8.93991, y=8.94989, z=0
+28000000000.0ns POS: x=53.3176, y=300.988, z=0; VEL:8.22158, y=8.21158, z=0
+28000000000.0ns POS: x=36.6789, y=284.339, z=0; VEL:8.55099, y=8.56099, z=0
+28999285377.0ns POS: x=7.67, y=255.33, z=0; VEL:0, y=0, z=0
+28999641100.0ns POS: x=189.86, y=437.53, z=0; VEL:0, y=0, z=0
+28999988233.0ns POS: x=239.9, y=487.57, z=0; VEL:0, y=0, z=0
+29000000000.0ns POS: x=239.9, y=487.57, z=0; VEL:8.97319, y=8.97319, z=0
+29000000000.0ns POS: x=208.157, y=455.827, z=0; VEL:9.2136, y=9.2136, z=0
+29000000000.0ns POS: x=23.9222, y=271.582, z=0; VEL:9.60958, y=9.60958, z=0
+29000000000.0ns POS: x=7.67, y=255.33, z=0; VEL:5.88313, y=5.88313, z=0
+29000000000.0ns POS: x=4.78, y=252.44, z=0; VEL:0, y=0, z=0
+29000000000.0ns POS: x=189.86, y=437.53, z=0; VEL:8.44993, y=8.44993, z=0
+29000000000.0ns POS: x=168.39, y=416.05, z=0; VEL:8.98026, y=8.98025, z=0
+29000000000.0ns POS: x=149.549, y=397.209, z=0; VEL:9.12375, y=9.13374, z=0
+29000000000.0ns POS: x=122.679, y=370.339, z=0; VEL:8.30143, y=8.30143, z=0
+29000000000.0ns POS: x=104.489, y=352.149, z=0; VEL:9.38331, y=9.38331, z=0
+29000000000.0ns POS: x=86.0244, y=333.694, z=0; VEL:8.72569, y=8.7257, z=0
+29000000000.0ns POS: x=61.5392, y=309.199, z=0; VEL:9.5763, y=9.58629, z=0
+29000000000.0ns POS: x=45.2298, y=292.9, z=0; VEL:7.63675, y=7.63675, z=0
+29999468238.0ns POS: x=13.55, y=261.21, z=0; VEL:0, y=0, z=0
+29999924648.0ns POS: x=130.98, y=378.64, z=0; VEL:0, y=0, z=0
+29999986540.0ns POS: x=94.75, y=342.42, z=0; VEL:0, y=0, z=0
+30000000000.0ns POS: x=248.873, y=496.543, z=0; VEL:9.20011, y=-6.76567, z=0
+30000000000.0ns POS: x=217.371, y=465.041, z=0; VEL:9.39745, y=9.39745, z=0
+30000000000.0ns POS: x=33.5318, y=281.192, z=0; VEL:9.37624, y=9.37624, z=0
+30000000000.0ns POS: x=13.55, y=261.21, z=0; VEL:7.26906, y=7.26906, z=0
+30000000000.0ns POS: x=4.78, y=252.44, z=0; VEL:2.75772, y=2.75772, z=0
+30000000000.0ns POS: x=198.31, y=445.98, z=0; VEL:9.39745, y=9.39745, z=0
+30000000000.0ns POS: x=177.37, y=425.03, z=0; VEL:9.44902, y=9.45901, z=0
+30000000000.0ns POS: x=158.673, y=406.343, z=0; VEL:8.08015, y=8.07017, z=0
+30000000000.0ns POS: x=130.98, y=378.64, z=0; VEL:9.2086, y=9.2186, z=0
+30000000000.0ns POS: x=113.873, y=361.533, z=0; VEL:8.98233, y=8.99232, z=0
+30000000000.0ns POS: x=94.75, y=342.42, z=0; VEL:8.20744, y=8.19744, z=0
+30000000000.0ns POS: x=71.1155, y=318.785, z=0; VEL:8.93783, y=8.93783, z=0
+30000000000.0ns POS: x=52.8666, y=300.537, z=0; VEL:9.47316, y=9.46316, z=0
+30925729564.0ns POS: x=257.39, y=490.28, z=0; VEL:0, y=0, z=0
+30999215195.0ns POS: x=207.7, y=455.37, z=0; VEL:0, y=0, z=0
+31000000000.0ns POS: x=257.39, y=490.28, z=0; VEL:8.70448, y=-8.70448, z=0
+31000000000.0ns POS: x=226.768, y=474.438, z=0; VEL:8.73984, y=8.73984, z=0
+31000000000.0ns POS: x=42.908, y=290.568, z=0; VEL:9.59751, y=9.60751, z=0
+31000000000.0ns POS: x=20.8191, y=268.479, z=0; VEL:8.95904, y=8.95904, z=0
+31000000000.0ns POS: x=7.53772, y=255.198, z=0; VEL:5.92555, y=5.92555, z=0
+31000000000.0ns POS: x=4.78, y=252.44, z=0; VEL:0, y=0, z=0
+31000000000.0ns POS: x=207.7, y=455.37, z=0; VEL:8.31558, y=8.31558, z=0
+31000000000.0ns POS: x=186.819, y=434.489, z=0; VEL:9.05803, y=9.05804, z=0
+31000000000.0ns POS: x=166.753, y=414.413, z=0; VEL:9.66615, y=9.66615, z=0
+31000000000.0ns POS: x=140.189, y=387.859, z=0; VEL:8.73984, y=8.73984, z=0
+31000000000.0ns POS: x=122.855, y=370.525, z=0; VEL:9.77014, y=9.76015, z=0
+31000000000.0ns POS: x=102.957, y=350.617, z=0; VEL:8.40043, y=8.40043, z=0
+31000000000.0ns POS: x=80.0533, y=327.723, z=0; VEL:8.41956, y=8.40957, z=0
+31000000000.0ns POS: x=62.3398, y=310, z=0; VEL:8.55599, y=8.55599, z=0
+32000000000.0ns POS: x=266.094, y=481.576, z=0; VEL:8.78934, y=-8.78934, z=0
+32000000000.0ns POS: x=235.508, y=483.178, z=0; VEL:9.66615, y=9.66615, z=0
+32000000000.0ns POS: x=52.5055, y=300.176, z=0; VEL:8.81762, y=8.81762, z=0
+32000000000.0ns POS: x=29.7781, y=277.438, z=0; VEL:9.80757, y=9.80757, z=0
+32000000000.0ns POS: x=13.4633, y=261.123, z=0; VEL:8.00445, y=8.00445, z=0
+32000000000.0ns POS: x=4.78, y=252.44, z=0; VEL:2.74357, y=2.74357, z=0
+32000000000.0ns POS: x=216.016, y=463.686, z=0; VEL:9.00854, y=9.00854, z=0
+32000000000.0ns POS: x=195.877, y=443.547, z=0; VEL:8.32057, y=8.31058, z=0
+32000000000.0ns POS: x=176.419, y=424.079, z=0; VEL:8.40958, y=8.41956, z=0
+32000000000.0ns POS: x=148.928, y=396.598, z=0; VEL:8.6762, y=8.6762, z=0
+32000000000.0ns POS: x=132.625, y=380.285, z=0; VEL:9.12875, y=9.12875, z=0
+32000000000.0ns POS: x=111.358, y=359.018, z=0; VEL:7.94995, y=7.95995, z=0
+32000000000.0ns POS: x=88.4729, y=336.133, z=0; VEL:9.07426, y=9.08424, z=0
+32000000000.0ns POS: x=70.8958, y=318.556, z=0; VEL:9.48937, y=9.48937, z=0
+32998697206.0ns POS: x=7.52, y=255.18, z=0; VEL:0, y=0, z=0
+32999565181.0ns POS: x=274.88, y=472.79, z=0; VEL:0, y=0, z=0
+33000000000.0ns POS: x=274.88, y=472.79, z=0; VEL:8.0398, y=-8.0398, z=0
+33000000000.0ns POS: x=245.174, y=492.844, z=0; VEL:11.2543, y=1.54595, z=0
+33000000000.0ns POS: x=61.3231, y=308.993, z=0; VEL:9.25395, y=9.24396, z=0
+33000000000.0ns POS: x=39.5857, y=287.246, z=0; VEL:8.37922, y=8.37922, z=0
+33000000000.0ns POS: x=21.4677, y=269.128, z=0; VEL:8.24487, y=8.24487, z=0
+33000000000.0ns POS: x=7.52, y=255.18, z=0; VEL:5.33159, y=5.33159, z=0
+33000000000.0ns POS: x=4.78, y=252.44, z=0; VEL:0, y=0, z=0
+33000000000.0ns POS: x=225.024, y=472.694, z=0; VEL:8.10344, y=8.10344, z=0
+33000000000.0ns POS: x=204.198, y=451.858, z=0; VEL:9.39953, y=9.4095, z=0
+33000000000.0ns POS: x=184.829, y=432.499, z=0; VEL:8.08222, y=8.08224, z=0
+33000000000.0ns POS: x=157.605, y=405.275, z=0; VEL:9.39538, y=9.38538, z=0
+33000000000.0ns POS: x=141.754, y=389.414, z=0; VEL:8.93783, y=8.93783, z=0
+33000000000.0ns POS: x=119.308, y=366.978, z=0; VEL:9.1691, y=9.15911, z=0
+33000000000.0ns POS: x=97.5471, y=345.217, z=0; VEL:9.33173, y=9.32174, z=0
+33000000000.0ns POS: x=80.3851, y=328.045, z=0; VEL:8.96819, y=8.97818, z=0
+33753988475.0ns POS: x=253.66, y=494.01, z=0; VEL:0, y=0, z=0
+33999416766.0ns POS: x=47.96, y=295.62, z=0; VEL:0, y=0, z=0
+33999702690.0ns POS: x=12.85, y=260.51, z=0; VEL:0, y=0, z=0
+33999998216.0ns POS: x=167, y=414.66, z=0; VEL:0, y=0, z=0
+34000000000.0ns POS: x=282.92, y=464.75, z=0; VEL:8.78934, y=-8.78934, z=0
+34000000000.0ns POS: x=253.66, y=494.01, z=0; VEL:8.71156, y=-8.71156, z=0
+34000000000.0ns POS: x=70.5771, y=318.237, z=0; VEL:9.43988, y=9.43987, z=0
+34000000000.0ns POS: x=47.96, y=295.62, z=0; VEL:9.17117, y=9.17117, z=0
+34000000000.0ns POS: x=29.7126, y=277.373, z=0; VEL:9.27932, y=9.28931, z=0
+34000000000.0ns POS: x=12.85, y=260.51, z=0; VEL:8.43578, y=8.43578, z=0
+34000000000.0ns POS: x=4.78, y=252.44, z=0; VEL:1.6617, y=1.6617, z=0
+34000000000.0ns POS: x=233.128, y=480.798, z=0; VEL:9.12875, y=9.12875, z=0
+34000000000.0ns POS: x=213.597, y=461.267, z=0; VEL:9.80049, y=9.80051, z=0
+34000000000.0ns POS: x=192.911, y=440.581, z=0; VEL:9.42573, y=9.42573, z=0
+34000000000.0ns POS: x=167, y=414.66, z=0; VEL:8.73277, y=8.73277, z=0
+34000000000.0ns POS: x=150.692, y=398.352, z=0; VEL:9.73186, y=9.74186, z=0
+34000000000.0ns POS: x=128.477, y=376.137, z=0; VEL:9.76515, y=9.76514, z=0
+34000000000.0ns POS: x=106.879, y=354.539, z=0; VEL:9.76515, y=9.76514, z=0
+34000000000.0ns POS: x=89.3533, y=337.023, z=0; VEL:8.08015, y=8.07017, z=0
+34998976388.0ns POS: x=6.44, y=254.1, z=0; VEL:0, y=0, z=0
+34999682947.0ns POS: x=175.73, y=423.39, z=0; VEL:0, y=0, z=0
+34999821438.0ns POS: x=262.37, y=485.3, z=0; VEL:0, y=0, z=0
+35000000000.0ns POS: x=291.709, y=455.961, z=0; VEL:9.36916, y=-9.36916, z=0
+35000000000.0ns POS: x=262.37, y=485.3, z=0; VEL:7.92667, y=-7.92667, z=0
+35000000000.0ns POS: x=80.017, y=327.677, z=0; VEL:8.87419, y=8.87419, z=0
+35000000000.0ns POS: x=57.1312, y=304.791, z=0; VEL:9.53887, y=9.53887, z=0
+35000000000.0ns POS: x=38.9919, y=286.662, z=0; VEL:9.42365, y=9.41367, z=0
+35000000000.0ns POS: x=21.2858, y=268.946, z=0; VEL:9.22067, y=9.22067, z=0
+35000000000.0ns POS: x=6.44, y=254.1, z=0; VEL:3.59917, y=3.59917, z=0
+35000000000.0ns POS: x=242.256, y=489.926, z=0; VEL:10.4353, y=6.93581, z=0
+35000000000.0ns POS: x=223.398, y=471.068, z=0; VEL:8.91662, y=8.91662, z=0
+35000000000.0ns POS: x=202.337, y=450.007, z=0; VEL:8.48528, y=8.48528, z=0
+35000000000.0ns POS: x=175.73, y=423.39, z=0; VEL:8.3035, y=8.31351, z=0
+35000000000.0ns POS: x=160.424, y=408.094, z=0; VEL:8.23779, y=8.2378, z=0
+35000000000.0ns POS: x=138.242, y=385.902, z=0; VEL:9.0884, y=9.09839, z=0
+35000000000.0ns POS: x=116.644, y=364.304, z=0; VEL:9.17325, y=9.18324, z=0
+35000000000.0ns POS: x=97.4335, y=345.093, z=0; VEL:8.12674, y=8.13672, z=0
+35891559872.0ns POS: x=251.56, y=496.11, z=0; VEL:0, y=0, z=0
+35999578362.0ns POS: x=184.03, y=431.7, z=0; VEL:0, y=0, z=0
+35999995237.0ns POS: x=66.67, y=314.33, z=0; VEL:0, y=0, z=0
+36000000000.0ns POS: x=301.078, y=446.592, z=0; VEL:8.7257, y=-8.7257, z=0
+36000000000.0ns POS: x=270.297, y=477.373, z=0; VEL:8.93783, y=-8.93783, z=0
+36000000000.0ns POS: x=88.8912, y=336.551, z=0; VEL:7.44792, y=7.45789, z=0
+36000000000.0ns POS: x=66.67, y=314.33, z=0; VEL:8.34593, y=8.35593, z=0
+36000000000.0ns POS: x=48.4156, y=296.076, z=0; VEL:8.41457, y=8.41457, z=0
+36000000000.0ns POS: x=30.5065, y=278.166, z=0; VEL:8.29644, y=8.30643, z=0
+36000000000.0ns POS: x=10.0392, y=257.699, z=0; VEL:6.73166, y=6.73166, z=0
+36000000000.0ns POS: x=4.78, y=252.44, z=0; VEL:0, y=0, z=0
+36000000000.0ns POS: x=251.56, y=496.11, z=0; VEL:9.07218, y=-9.07218, z=0
+36000000000.0ns POS: x=232.315, y=479.985, z=0; VEL:8.12466, y=8.12466, z=0
+36000000000.0ns POS: x=210.822, y=458.492, z=0; VEL:8.57721, y=8.57721, z=0
+36000000000.0ns POS: x=184.03, y=431.7, z=0; VEL:9.73686, y=9.73686, z=0
+36000000000.0ns POS: x=168.661, y=416.331, z=0; VEL:7.14178, y=7.14178, z=0
+36000000000.0ns POS: x=147.33, y=395, z=0; VEL:8.41956, y=8.40958, z=0
+36000000000.0ns POS: x=125.817, y=373.487, z=0; VEL:9.80757, y=9.80757, z=0
+36000000000.0ns POS: x=105.56, y=353.23, z=0; VEL:9.15495, y=9.14497, z=0
+36999759704.0ns POS: x=260.63, y=487.04, z=0; VEL:0, y=0, z=0
+36999876691.0ns POS: x=16.77, y=264.43, z=0; VEL:0, y=0, z=0
+37000000000.0ns POS: x=309.804, y=437.866, z=0; VEL:8.73984, y=-8.73984, z=0
+37000000000.0ns POS: x=279.234, y=468.436, z=0; VEL:9.20653, y=-9.20653, z=0
+37000000000.0ns POS: x=96.3391, y=344.009, z=0; VEL:8.86003, y=8.86006, z=0
+37000000000.0ns POS: x=75.0159, y=322.686, z=0; VEL:9.05096, y=9.05097, z=0
+37000000000.0ns POS: x=56.8301, y=304.49, z=0; VEL:9.24896, y=9.24896, z=0
+37000000000.0ns POS: x=38.8029, y=286.473, z=0; VEL:8.11051, y=8.11052, z=0
+37000000000.0ns POS: x=16.77, y=264.43, z=0; VEL:8.00445, y=8.00445, z=0
+37000000000.0ns POS: x=4.78, y=252.44, z=0; VEL:1.85969, y=1.85969, z=0
+37000000000.0ns POS: x=260.63, y=487.04, z=0; VEL:7.96909, y=-7.96909, z=0
+37000000000.0ns POS: x=240.439, y=488.109, z=0; VEL:9.88581, y=9.04604, z=0
+37000000000.0ns POS: x=219.399, y=467.069, z=0; VEL:8.81762, y=8.81762, z=0
+37000000000.0ns POS: x=193.767, y=441.437, z=0; VEL:8.21658, y=8.21658, z=0
+37000000000.0ns POS: x=175.803, y=423.473, z=0; VEL:8.59135, y=8.59135, z=0
+37000000000.0ns POS: x=155.75, y=403.41, z=0; VEL:8.06102, y=8.06101, z=0
+37000000000.0ns POS: x=135.625, y=383.295, z=0; VEL:9.36916, y=9.36916, z=0
+37000000000.0ns POS: x=114.715, y=362.375, z=0; VEL:8.11759, y=8.11758, z=0
+37988368382.0ns POS: x=250.21, y=497.05, z=0; VEL:0, y=0, z=0
+37994789007.0ns POS: x=6.63, y=254.29, z=0; VEL:0, y=0, z=0
+37999888446.0ns POS: x=288.44, y=459.23, z=0; VEL:0, y=0, z=0
+38000000000.0ns POS: x=318.544, y=429.126, z=0; VEL:7.94081, y=-7.94081, z=0
+38000000000.0ns POS: x=288.44, y=459.23, z=0; VEL:8.19037, y=-8.20037, z=0
+38000000000.0ns POS: x=105.199, y=352.869, z=0; VEL:7.8206, y=7.8206, z=0
+38000000000.0ns POS: x=84.0669, y=331.737, z=0; VEL:9.2186, y=9.2086, z=0
+38000000000.0ns POS: x=66.0791, y=313.739, z=0; VEL:9.67529, y=9.68529, z=0
+38000000000.0ns POS: x=46.9134, y=294.583, z=0; VEL:8.20244, y=8.20244, z=0
+38000000000.0ns POS: x=24.7744, y=272.434, z=0; VEL:9.1641, y=9.1641, z=0
+38000000000.0ns POS: x=6.63, y=254.29, z=0; VEL:5.02753, y=5.02753, z=0
+38000000000.0ns POS: x=4.78, y=252.44, z=0; VEL:0, y=0, z=0
+38000000000.0ns POS: x=268.599, y=479.071, z=0; VEL:9.55301, y=-9.55301, z=0
+38000000000.0ns POS: x=250.21, y=497.05, z=0; VEL:9.76599, y=-9.3641, z=0
+38000000000.0ns POS: x=228.217, y=475.887, z=0; VEL:8.09637, y=8.09637, z=0
+38000000000.0ns POS: x=201.983, y=449.653, z=0; VEL:8.32265, y=8.32265, z=0
+38000000000.0ns POS: x=184.395, y=432.065, z=0; VEL:8.42164, y=8.42164, z=0
+38000000000.0ns POS: x=163.811, y=411.471, z=0; VEL:9.8005, y=9.8005, z=0
+38000000000.0ns POS: x=144.994, y=392.664, z=0; VEL:9.01561, y=9.01561, z=0
+38000000000.0ns POS: x=122.833, y=370.493, z=0; VEL:7.99738, y=7.99738, z=0
+38995290748.0ns POS: x=259.93, y=487.73, z=0; VEL:0, y=0, z=0
+38999779542.0ns POS: x=278.15, y=469.52, z=0; VEL:0, y=0, z=0
+38999955332.0ns POS: x=296.63, y=451.03, z=0; VEL:0, y=0, z=0
+39000000000.0ns POS: x=326.485, y=421.185, z=0; VEL:9.10046, y=-9.10046, z=0
+39000000000.0ns POS: x=296.63, y=451.03, z=0; VEL:8.27815, y=-8.26815, z=0
+39000000000.0ns POS: x=113.02, y=360.69, z=0; VEL:7.83474, y=7.83474, z=0
+39000000000.0ns POS: x=93.2855, y=340.945, z=0; VEL:9.40452, y=9.40452, z=0
+39000000000.0ns POS: x=75.7544, y=323.424, z=0; VEL:8.37713, y=8.36715, z=0
+39000000000.0ns POS: x=55.1158, y=302.786, z=0; VEL:8.11551, y=8.10552, z=0
+39000000000.0ns POS: x=33.9386, y=281.599, z=0; VEL:8.69034, y=8.69034, z=0
+39000000000.0ns POS: x=11.6575, y=259.318, z=0; VEL:7.70746, y=7.70746, z=0
+39000000000.0ns POS: x=4.78, y=252.44, z=0; VEL:1.50614, y=1.50614, z=0
+39000000000.0ns POS: x=278.15, y=469.52, z=0; VEL:9.54594, y=-9.54594, z=0
+39000000000.0ns POS: x=259.93, y=487.73, z=0; VEL:9.31052, y=-9.30052, z=0
+39000000000.0ns POS: x=236.313, y=483.983, z=0; VEL:9.70858, y=9.70858, z=0
+39000000000.0ns POS: x=210.306, y=457.976, z=0; VEL:9.35502, y=9.35502, z=0
+39000000000.0ns POS: x=192.816, y=440.486, z=0; VEL:9.52473, y=9.52473, z=0
+39000000000.0ns POS: x=173.612, y=421.272, z=0; VEL:8.79141, y=8.8014, z=0
+39000000000.0ns POS: x=154.01, y=401.68, z=0; VEL:8.53271, y=8.5227, z=0
+39000000000.0ns POS: x=130.83, y=378.49, z=0; VEL:8.48029, y=8.49027, z=0
+39995925043.0ns POS: x=6.28, y=253.94, z=0; VEL:0, y=0, z=0
+39999377584.0ns POS: x=287.69, y=459.98, z=0; VEL:0, y=0, z=0
+39999731799.0ns POS: x=162.54, y=410.2, z=0; VEL:0, y=0, z=0
+39999881271.0ns POS: x=219.66, y=467.33, z=0; VEL:0, y=0, z=0
+39999943700.0ns POS: x=269.24, y=478.43, z=0; VEL:0, y=0, z=0
+40000000000.0ns POS: x=335.585, y=412.085, z=0; VEL:8.82677, y=-8.83676, z=0
+40000000000.0ns POS: x=304.908, y=442.762, z=0; VEL:9.14289, y=-9.14289, z=0
+40000000000.0ns POS: x=120.854, y=368.524, z=0; VEL:9.02268, y=9.02268, z=0
+40000000000.0ns POS: x=102.69, y=350.35, z=0; VEL:7.89339, y=7.90338, z=0
+40000000000.0ns POS: x=84.1315, y=331.792, z=0; VEL:7.9691, y=7.96909, z=0
+40000000000.0ns POS: x=63.2313, y=310.891, z=0; VEL:9.71565, y=9.71564, z=0
+40000000000.0ns POS: x=42.6289, y=290.289, z=0; VEL:8.14587, y=8.14587, z=0
+40000000000.0ns POS: x=19.365, y=267.025, z=0; VEL:8.81262, y=8.82262, z=0
+40000000000.0ns POS: x=6.28, y=253.94, z=0; VEL:4.46184, y=4.46184, z=0
+40000000000.0ns POS: x=4.78, y=252.44, z=0; VEL:0, y=0, z=0
+40000000000.0ns POS: x=287.69, y=459.98, z=0; VEL:7.85596, y=-7.85596, z=0
+40000000000.0ns POS: x=269.24, y=478.43, z=0; VEL:9.31967, y=-9.31967, z=0
+40000000000.0ns POS: x=246.022, y=493.692, z=0; VEL:12.3916, y=-1.78861, z=0
+40000000000.0ns POS: x=219.66, y=467.33, z=0; VEL:9.61665, y=9.61665, z=0
+40000000000.0ns POS: x=202.341, y=450.011, z=0; VEL:9.67114, y=9.66115, z=0
+40000000000.0ns POS: x=182.403, y=430.073, z=0; VEL:9.67322, y=9.67322, z=0
+40000000000.0ns POS: x=162.54, y=410.2, z=0; VEL:9.43488, y=9.44487, z=0
+40000000000.0ns POS: x=139.31, y=386.98, z=0; VEL:8.23072, y=8.23073, z=0
+40750342613.0ns POS: x=255.32, y=492.35, z=0; VEL:0, y=0, z=0
+40999586765.0ns POS: x=10.74, y=258.4, z=0; VEL:0, y=0, z=0
+40999886413.0ns POS: x=314.05, y=433.62, z=0; VEL:0, y=0, z=0
+41000000000.0ns POS: x=344.412, y=403.248, z=0; VEL:8.17207, y=-8.16209, z=0
+41000000000.0ns POS: x=314.05, y=433.62, z=0; VEL:8.42871, y=-8.42871, z=0
+41000000000.0ns POS: x=129.877, y=377.547, z=0; VEL:8.44993, y=8.44993, z=0
+41000000000.0ns POS: x=110.583, y=358.253, z=0; VEL:8.20036, y=8.19037, z=0
+41000000000.0ns POS: x=92.1006, y=339.761, z=0; VEL:7.84389, y=7.85388, z=0
+41000000000.0ns POS: x=72.947, y=320.607, z=0; VEL:8.61256, y=8.61256, z=0
+41000000000.0ns POS: x=50.7748, y=298.435, z=0; VEL:8.83883, y=8.83883, z=0
+41000000000.0ns POS: x=28.1776, y=275.848, z=0; VEL:8.65998, y=8.64999, z=0
+41000000000.0ns POS: x=10.74, y=258.4, z=0; VEL:7.62968, y=7.62968, z=0
+41000000000.0ns POS: x=4.78, y=252.44, z=0; VEL:0.714178, y=0.714178, z=0
+41000000000.0ns POS: x=295.546, y=452.124, z=0; VEL:9.19946, y=-9.19946, z=0
+41000000000.0ns POS: x=278.56, y=469.11, z=0; VEL:7.60847, y=-7.60847, z=0
+41000000000.0ns POS: x=255.32, y=492.35, z=0; VEL:9.54594, y=-9.54594, z=0
+41000000000.0ns POS: x=229.277, y=476.947, z=0; VEL:9.00854, y=9.00854, z=0
+41000000000.0ns POS: x=212.012, y=459.672, z=0; VEL:9.37124, y=9.38123, z=0
+41000000000.0ns POS: x=192.076, y=439.746, z=0; VEL:9.39745, y=9.39745, z=0
+41000000000.0ns POS: x=171.975, y=419.645, z=0; VEL:8.0398, y=8.03981, z=0
+41000000000.0ns POS: x=147.541, y=395.211, z=0; VEL:7.98116, y=7.97117, z=0
+41994150128.0ns POS: x=5.49, y=253.15, z=0; VEL:0, y=0, z=0
+42000000000.0ns POS: x=352.584, y=395.086, z=0; VEL:8.81763, y=-8.81762, z=0
+42000000000.0ns POS: x=322.479, y=425.191, z=0; VEL:9.42573, y=-9.42573, z=0
+42000000000.0ns POS: x=138.327, y=385.997, z=0; VEL:9.24896, y=9.24896, z=0
+42000000000.0ns POS: x=118.784, y=366.444, z=0; VEL:9.55509, y=9.56507, z=0
+42000000000.0ns POS: x=99.9445, y=347.614, z=0; VEL:9.72979, y=9.72979, z=0
+42000000000.0ns POS: x=81.5596, y=329.22, z=0; VEL:7.83474, y=7.83474, z=0
+42000000000.0ns POS: x=59.6136, y=307.274, z=0; VEL:8.01152, y=8.01152, z=0
+42000000000.0ns POS: x=36.8376, y=284.498, z=0; VEL:8.59842, y=8.59842, z=0
+42000000000.0ns POS: x=18.3697, y=266.03, z=0; VEL:8.54185, y=8.54185, z=0
+42000000000.0ns POS: x=5.49, y=253.15, z=0; VEL:2.46073, y=2.46073, z=0
+42000000000.0ns POS: x=304.745, y=442.925, z=0; VEL:8.25401, y=-8.26401, z=0
+42000000000.0ns POS: x=286.168, y=461.502, z=0; VEL:8.28022, y=-8.28022, z=0
+42000000000.0ns POS: x=264.866, y=482.804, z=0; VEL:9.01561, y=-9.01561, z=0
+42000000000.0ns POS: x=238.285, y=485.955, z=0; VEL:8.73984, y=8.73984, z=0
+42000000000.0ns POS: x=221.383, y=469.053, z=0; VEL:9.8005, y=9.8005, z=0
+42000000000.0ns POS: x=201.474, y=449.144, z=0; VEL:9.60251, y=9.60251, z=0
+42000000000.0ns POS: x=180.015, y=427.685, z=0; VEL:8.37214, y=8.37214, z=0
+42000000000.0ns POS: x=155.522, y=403.182, z=0; VEL:8.28023, y=8.28022, z=0
+42998990757.0ns POS: x=294.44, y=453.23, z=0; VEL:0, y=0, z=0
+42999702690.0ns POS: x=7.95, y=255.61, z=0; VEL:0, y=0, z=0
+42999820637.0ns POS: x=26.91, y=274.57, z=0; VEL:0, y=0, z=0
+43000000000.0ns POS: x=361.402, y=386.268, z=0; VEL:9.5763, y=-9.58629, z=0
+43000000000.0ns POS: x=331.904, y=415.766, z=0; VEL:8.66206, y=-8.66206, z=0
+43000000000.0ns POS: x=147.576, y=395.246, z=0; VEL:8.33679, y=8.33679, z=0
+43000000000.0ns POS: x=128.339, y=376.009, z=0; VEL:8.77311, y=8.76313, z=0
+43000000000.0ns POS: x=109.674, y=357.344, z=0; VEL:7.93873, y=7.92874, z=0
+43000000000.0ns POS: x=89.3943, y=337.054, z=0; VEL:9.67322, y=9.67322, z=0
+43000000000.0ns POS: x=67.6251, y=315.285, z=0; VEL:9.33381, y=9.33381, z=0
+43000000000.0ns POS: x=45.436, y=293.096, z=0; VEL:9.60251, y=9.60251, z=0
+43000000000.0ns POS: x=26.91, y=274.57, z=0; VEL:8.06102, y=8.06102, z=0
+43000000000.0ns POS: x=7.95, y=255.61, z=0; VEL:3.85373, y=3.85373, z=0
+43000000000.0ns POS: x=4.78, y=252.44, z=0; VEL:0, y=0, z=0
+43000000000.0ns POS: x=312.999, y=434.661, z=0; VEL:9.50144, y=-9.49144, z=0
+43000000000.0ns POS: x=294.44, y=453.23, z=0; VEL:9.69651, y=-9.7065, z=0
+43000000000.0ns POS: x=273.882, y=473.788, z=0; VEL:9.2631, y=-9.2631, z=0
+43000000000.0ns POS: x=247.025, y=494.695, z=0; VEL:11.9576, y=-4.4248, z=0
+43000000000.0ns POS: x=231.184, y=478.854, z=0; VEL:8.34386, y=8.34386, z=0
+43000000000.0ns POS: x=211.076, y=458.746, z=0; VEL:8.83176, y=8.83176, z=0
+43000000000.0ns POS: x=188.387, y=436.057, z=0; VEL:8.78934, y=8.78934, z=0
+43000000000.0ns POS: x=163.803, y=411.463, z=0; VEL:9.53388, y=9.54386, z=0
+43789873097.0ns POS: x=256.47, y=491.2, z=0; VEL:0, y=0, z=0
+43999031599.0ns POS: x=11.8, y=259.46, z=0; VEL:0, y=0, z=0
+43999873799.0ns POS: x=34.97, y=282.63, z=0; VEL:0, y=0, z=0
+43999909017.0ns POS: x=322.5, y=425.17, z=0; VEL:0, y=0, z=0
+44000000000.0ns POS: x=370.978, y=376.682, z=0; VEL:8.16001, y=-8.16002, z=0
+44000000000.0ns POS: x=340.567, y=407.103, z=0; VEL:8.55599, y=-8.55599, z=0
+44000000000.0ns POS: x=155.913, y=403.583, z=0; VEL:9.47315, y=9.46317, z=0
+44000000000.0ns POS: x=137.112, y=384.772, z=0; VEL:9.35503, y=9.35502, z=0
+44000000000.0ns POS: x=117.613, y=365.273, z=0; VEL:7.99946, y=8.00944, z=0
+44000000000.0ns POS: x=99.0675, y=346.728, z=0; VEL:8.11258, y=8.12258, z=0
+44000000000.0ns POS: x=76.9589, y=324.619, z=0; VEL:8.04188, y=8.05187, z=0
+44000000000.0ns POS: x=55.0385, y=302.699, z=0; VEL:9.08132, y=9.09132, z=0
+44000000000.0ns POS: x=34.97, y=282.63, z=0; VEL:8.46407, y=8.46407, z=0
+44000000000.0ns POS: x=11.8, y=259.46, z=0; VEL:6.39932, y=6.39932, z=0
+44000000000.0ns POS: x=4.78, y=252.44, z=0; VEL:0.770746, y=0.770746, z=0
+44000000000.0ns POS: x=322.5, y=425.17, z=0; VEL:9.02975, y=-9.02975, z=0
+44000000000.0ns POS: x=304.137, y=443.523, z=0; VEL:8.07308, y=-8.06309, z=0
+44000000000.0ns POS: x=283.145, y=464.525, z=0; VEL:8.75398, y=-8.75398, z=0
+44000000000.0ns POS: x=256.47, y=491.2, z=0; VEL:7.99031, y=-7.99031, z=0
+44000000000.0ns POS: x=239.528, y=487.198, z=0; VEL:8.19537, y=8.19537, z=0
+44000000000.0ns POS: x=219.908, y=467.578, z=0; VEL:9.62372, y=9.62372, z=0
+44000000000.0ns POS: x=197.176, y=444.846, z=0; VEL:8.18123, y=8.18123, z=0
+44000000000.0ns POS: x=173.336, y=421.006, z=0; VEL:9.2843, y=9.28432, z=0
+44986057162.0ns POS: x=5.54, y=253.2, z=0; VEL:0, y=0, z=0
+44999708234.0ns POS: x=349.12, y=398.55, z=0; VEL:0, y=0, z=0
+44999832202.0ns POS: x=229.53, y=477.2, z=0; VEL:0, y=0, z=0
+44999961625.0ns POS: x=264.46, y=483.21, z=0; VEL:0, y=0, z=0
+44999986314.0ns POS: x=107.18, y=354.85, z=0; VEL:0, y=0, z=0
+45000000000.0ns POS: x=379.138, y=368.522, z=0; VEL:8.28729, y=-8.28729, z=0
+45000000000.0ns POS: x=349.12, y=398.55, z=0; VEL:8.69241, y=-8.70241, z=0
+45000000000.0ns POS: x=165.386, y=413.046, z=0; VEL:9.01771, y=9.02765, z=0
+45000000000.0ns POS: x=146.467, y=394.127, z=0; VEL:7.94788, y=7.94788, z=0
+45000000000.0ns POS: x=125.612, y=373.282, z=0; VEL:9.3883, y=9.37832, z=0
+45000000000.0ns POS: x=107.18, y=354.85, z=0; VEL:9.44695, y=9.44695, z=0
+45000000000.0ns POS: x=85.0008, y=332.671, z=0; VEL:8.98025, y=8.98026, z=0
+45000000000.0ns POS: x=64.1198, y=311.79, z=0; VEL:8.70948, y=8.69948, z=0
+45000000000.0ns POS: x=43.4341, y=291.094, z=0; VEL:9.23688, y=9.24688, z=0
+45000000000.0ns POS: x=18.1993, y=265.859, z=0; VEL:8.65499, y=8.65499, z=0
+45000000000.0ns POS: x=5.54, y=253.2, z=0; VEL:3.50725, y=3.50725, z=0
+45000000000.0ns POS: x=331.53, y=416.14, z=0; VEL:8.80348, y=-8.80348, z=0
+45000000000.0ns POS: x=312.21, y=435.46, z=0; VEL:9.06511, y=-9.06511, z=0
+45000000000.0ns POS: x=291.899, y=455.771, z=0; VEL:8.16916, y=-8.17915, z=0
+45000000000.0ns POS: x=264.46, y=483.21, z=0; VEL:8.16708, y=-8.16708, z=0
+45000000000.0ns POS: x=247.723, y=495.393, z=0; VEL:11.1809, y=-5.72191, z=0
+45000000000.0ns POS: x=229.53, y=477.2, z=0; VEL:9.39038, y=9.39038, z=0
+45000000000.0ns POS: x=205.357, y=453.027, z=0; VEL:9.28223, y=9.27225, z=0
+45000000000.0ns POS: x=182.621, y=430.291, z=0; VEL:8.33679, y=8.33679, z=0
+45834178903.0ns POS: x=257.05, y=490.62, z=0; VEL:0, y=0, z=0
+45999632756.0ns POS: x=340.33, y=407.34, z=0; VEL:0, y=0, z=0
+45999722679.0ns POS: x=357.81, y=389.85, z=0; VEL:0, y=0, z=0
+45999896942.0ns POS: x=52.67, y=300.34, z=0; VEL:0, y=0, z=0
+45999959740.0ns POS: x=238.92, y=486.59, z=0; VEL:0, y=0, z=0
+46000000000.0ns POS: x=387.425, y=360.235, z=0; VEL:8.76605, y=-8.75606, z=0
+46000000000.0ns POS: x=357.81, y=389.85, z=0; VEL:8.60549, y=-8.60549, z=0
+46000000000.0ns POS: x=174.404, y=422.074, z=0; VEL:8.92866, y=8.91872, z=0
+46000000000.0ns POS: x=154.415, y=402.075, z=0; VEL:9.78136, y=9.79135, z=0
+46000000000.0ns POS: x=135.001, y=382.661, z=0; VEL:8.2328, y=8.24278, z=0
+46000000000.0ns POS: x=116.627, y=364.297, z=0; VEL:8.85298, y=8.85298, z=0
+46000000000.0ns POS: x=93.9811, y=341.651, z=0; VEL:8.69533, y=8.68535, z=0
+46000000000.0ns POS: x=72.8293, y=320.489, z=0; VEL:8.95904, y=8.95904, z=0
+46000000000.0ns POS: x=52.67, y=300.34, z=0; VEL:8.22865, y=8.21865, z=0
+46000000000.0ns POS: x=26.8543, y=274.514, z=0; VEL:9.30553, y=9.30553, z=0
+46000000000.0ns POS: x=9.04725, y=256.707, z=0; VEL:6.32861, y=6.32861, z=0
+46000000000.0ns POS: x=4.78, y=252.44, z=0; VEL:0, y=0, z=0
+46000000000.0ns POS: x=340.33, y=407.34, z=0; VEL:9.14496, y=-9.15496, z=0
+46000000000.0ns POS: x=321.275, y=426.395, z=0; VEL:8.50649, y=-8.50649, z=0
+46000000000.0ns POS: x=300.068, y=447.592, z=0; VEL:9.57214, y=-9.56217, z=0
+46000000000.0ns POS: x=272.627, y=475.043, z=0; VEL:8.7257, y=-8.7257, z=0
+46000000000.0ns POS: x=257.05, y=490.62, z=0; VEL:7.51655, y=-7.51655, z=0
+46000000000.0ns POS: x=238.92, y=486.59, z=0; VEL:9.18532, y=9.18532, z=0
+46000000000.0ns POS: x=214.64, y=462.3, z=0; VEL:8.42372, y=8.4337, z=0
+46000000000.0ns POS: x=190.957, y=438.627, z=0; VEL:8.85298, y=8.85298, z=0
